#asrep03                                                         Date:05/09/12
                                                                 Time:10:07:00
 

 
                  S T O C K    O N    O R D E R 

                                                                       Page: 1 
===============================================================================
P/No. Product                              Size/Ut    Qty    Orders.   
-------------------------------------------------------------------------------
 438 XEROCOLOUR YELLOW PASTE.. XBPA......    Y EA      10  37
 439 XEROCOLOUR YELLOW PASTE.. XBPA......    U EA      18  37
 442 XERACOLOUR RED PASTE..... XBPH......    U EA       1  37
 453 XERACOLOUR MID YELLOW PAS AXPU......    Y EA       2  37
 454 XERACOLOUR MID YELLOW PAS AXPU......    U EA      34  37
 619 Agecrete Concrete Sealer. Mid Grey..   20 LT       5  30
 628 Agecrete Concrete Sealer. Bluestone.   20 LT       2  35
 629 Agecrete Concrete Sealer. Gun Metal.   20 LT       2  30
 630 Agecrete Concrete Sealer. Charcoal..   20 LT       2  35
 754 DUXSON GLOSS ENAMEL...... WHITE        10 LT       1  29
 755 DUXSON GLOSS ENAMEL...... WHITE         4 LT      26  29 7
 757 DUXSON GLOSS ENAMEL...... WHITE         1 LT       4  29
 759 DUXSON GLOSS ENAMEL...... WHITE       250 ML       6  11
 797 DUXSON GLOSS ENAMEL...... BLACK.....    1 LT       1  11
 798 DUXSON GLOSS ENAMEL...... BLACK.....  500 ML       6  11
 826 DUXSON SATIN ENAMEL...... WHITE         4 LT       4  29 21
 827 DUXSON SATIN ENAMEL...... WHITE         2 LT       2  21
 828 DUXSON SATIN ENAMEL...... WHITE         1 LT       4  21
 860 DUXSON UNDERCOAT......... WHITE         4 LT       4  29
 868 DUXSON OIL WOOD PRIMER... PINK          1 LT       4  16
 875 DUXSON METAL PRIMER (Z/P) GREY......    4 LT      12  16 27
 876 DUXSON METAL PRIMER (Z/P) GREY......    1 LT       8  16
 877 DUXSON METAL PRIMER (Z/P) GREY......  500 ML       4  16
 880 DUXSON METAL PRIMER (Z/P) BLUE......    1 LT       1  20
 883 DUXSON METAL PRIMER (Z/P) RED OXIDE.    4 LT       1  20
 884 DUXSON METAL PRIMER (Z/P) RED OXIDE.    1 LT       1  20
 923 PAVING PAINT............. LIGHT GREY   20 LT       3  24
 957 CONCRETE SEALER.......... CLEAR.....   20 LT      16  28
 958 CONCRETE SEALER.......... CLEAR.....    4 LT       8  28
 986 CONCRETE SEALER.......... SAND BEIGE   20 LT       1  6
1028 DUXSON ACRYLIC SATIN..... WHITE.....    4 LT       4  29
1029 DUXSON ACRYLIC SATIN..... WHITE.....    2 LT       4  29
1030 DUXSON ACRYLIC SATIN..... WHITE.....    1 LT       6  11
1046 DUXSON LOWSHEEN ACRYLIC.. WHITE.....    4 LT       6  29 21
1047 DUXSON LOWSHEEN ACRYLIC.. WHITE.....    2 LT       6  29
1048 DUXSON LOWSHEEN ACRYLIC.. WHITE.....    1 LT       4  21
1090 DUXSON W/TONE LOWSHEEN... CLEAR BASE    4 LT       1  37
1118 DUXSON GALV.IRON PRIMER.. WHITE.....    1 LT       2  21
1128 DUXSON ACR.SEALER U/COAT. WHITE.....    1 LT       8  16
1131 DUXSON W/TONE LOWSHEEN... WHITE.....    2 LT       4  29
1171 PAVING PAINT............. B41 BLUEBE   20 LT       1  24
1204 RAPIDRY ENAMEL..........2 WHITE.....    4 LT       7  19 20 29
1205 RAPIDRY ENAMEL..........2 WHITE.....    1 LT       9  19 20 29
1210 RAPIDRY ENAMEL..........1 BLACK.....    4 LT       4  19 20
1211 RAPIDRY ENAMEL..........1 BLACK.....    1 LT       2  20
1213 RAPIDRY ENAMEL..........1 SILVER....    4 LT       6  19
#asrep03                                                         Date:05/09/12
                                                                 Time:10:07:00
 

 
                  S T O C K    O N    O R D E R 

                                                                       Page: 2 
===============================================================================
P/No. Product                              Size/Ut    Qty    Orders.   
-------------------------------------------------------------------------------
1225 RAPIDRY ENAMEL..........3 YELLOW....    4 LT       2  27
1231 RAPIDRY ENAMEL..........2 DARK BLUE.    4 LT       2  19
1232 RAPIDRY ENAMEL..........2 DARK BLUE     1 LT       2  19
1234 RAPIDRY ENAMEL..........3 MID BLUE..    4 LT       4  19
1240 RAPIDRY ENAMEL..........4 RED.......    4 LT       1  19
1371 ENAMEL THINNER........... ..........    4 LT       8  5 3 20 27
1372 CONCRETE SEALER REDUCER.. ..........    4 LT       4  28
1382 ENAMEL THINNER........... ..........    1 LT       3  20 27
1402 SPORTS LINE MARK......... WHITE        20 LT      99  20 22 27
1427 HIGH-TEMP ENAMEL......... BLACK.....  500 ML       2  2
1458 MD Colour Sampler........ WHITE BASE  500 ML      10  21
1461 MD Colour Sampler........ CLEAR BASE  500 ML      48  8
1508 EZYCAULK WHITE...15x500GM 306185....  500 GM      88  4
1511 AVS AV510.......... 20 LT 370649       20 LT      60  41
1526 M/FILL CLEAR SEAL-.....20 264318....  300 ML     144  38 39
1535 PRINTEX U DISPERSION..... 294152....  153 KG       9  40
1547 A/WELD 6031 PA 10x850mL.. 242659....  850 ML      40  33
1555 WALL/FL.ADH 12 PER CTN... 243620....  900 gs     139  15
1573 5612 MASTIC...10 PER CTN. 333506....  490 GM     300  34
1736 IND.SPRAYING ENAMEL...... SMORGON BL    4 LT       1  26
1739 ZincPhos Metal Primer.... Red Oxide.    4 LT       2  26
1813 BRUSHABLE SEAM SEALER.... COMPLETE..  300 ML      80  14
1934 TP INT.ACRYLIC GLOSS..... WHITE.....   10 LT       2  7
1967 CHEP PALLETS FOR EXCHANGE PER E/A...    . EA      49  23 23 23 23 23 23 23 23 23 23 23 23
2041 BOSTIK 555 for ACS....... pack+drum.   10 LT     300  10
2053 CONCRETE SEALER REDUCER.. ..........   10 LT       6  35
2145 RAPID DRY ENAMEL......... SIMS BLUE.   20 LT       2  5 3
2205 interior acrylic flat.... white.....    1 LT      12  26
2247 POSTER ACRYLIC FLAT...... black.....   20 LT       4  31
2251 interior acrylic l/sheen. white.....   20 LT       1  5
2254 interior acrylic l/sheen. white.....    4 LT       7  17 7
2329 TP_INT.ACRYLIC GLOSS..... WHITE.....    4 LT      24  7
2344 PACK BLUTACK 75GM 120/CTN 373729....   75 GM     280  32
2404 acrylic sealer undercoat. white.....    4 LT       6  7
2412 acrylic ceiling paint.... white.....   15 LT      10  7
2413 acrylic ceiling paint.... white.....   10 LT       5  7
2414 acrylic ceiling paint.... white.....    4 LT       4  7
2618 exterior acrylic lowsheen clear base   10 LT       2  15
2619 exterior acrylic lowsheen clear base    4 LT       2  15
2906 ASC Concrete Sealer Tint. Black.....    1 LT      19  28 36
2908 ASC Concrete Sealer Tint. Bluestone.    1 LT       3  28
2909 ASC Concrete Sealer Tint. Brick Red.    1 LT       2  36
2914 ASC Concrete Sealer Tint. Charcoal..    1 LT      19  28 36
2920 ASC Concrete Sealer Tint. Grey......    1 LT       3  28
2925 ASC Concrete Sealer Tint. Off White.    1 LT       4  36
2928 ASC Concrete Sealer Tint. Sandstone.    1 LT      13  28 36
#asrep03                                                         Date:05/09/12
                                                                 Time:10:07:00
 

 
                  S T O C K    O N    O R D E R 

                                                                       Page: 3 
===============================================================================
P/No. Product                              Size/Ut    Qty    Orders.   
-------------------------------------------------------------------------------
2929 ASC Concrete Sealer Tint. SandyBeige    1 LT       3  28
2931 ASC Concrete Sealer Tint. Tan.......    1 LT       2  36
2933 ASC Concrete Sealer Tint. Terracotta    1 LT       3  28
2945 ASC Concrete Sealer Tint. Charcoal..  500 ML       5  36
2952 ASC Concrete Sealer Tint. GunMetalGy  500 ML       2  36
2962 ASC Concrete Sealer Tint. Tan.......  500 ML       2  36
2964 ASC Concrete Sealer Tint. Terracotta  500 ML       3  36
2971 ASC Concrete Sealer...... Brick Red.   20 LT       3  25
2972 ASC Concrete Sealer...... Buff......   20 LT       1  25
2973 ASC Concrete Sealer...... Burgundy..   20 LT       2  25
2974 ASC Concrete Sealer...... Burnt Red.   20 LT       1  25
2977 ASC Concrete Sealer...... Choc Brown   20 LT       3  25
2978 ASC Concrete Sealer...... Dark Brown   20 LT       2  25
2981 ASC Concrete Sealer...... Faun......   20 LT       3  25
2982 ASC Concrete Sealer...... Grey......   20 LT      16  25
2985 ASC Concrete Sealer...... LightBrown   20 LT       1  25
2987 ASC Concrete Sealer...... Off White.   20 LT       2  25
2991 ASC Concrete Sealer...... SandyBeige   20 LT       4  25
2993 ASC Concrete Sealer...... Tan.......   20 LT       3  25
3000 ASC Concrete Sealer...... Blue Gum..   10 LT       6  25
3012 ASC Concrete Sealer...... Faun......   10 LT       2  25
3013 ASC Concrete Sealer...... Grey......   10 LT       2  25
3021 ASC Concrete Sealer...... Sandstone.   10 LT       1  25
3025 ASC Concrete Sealer...... Terra Red.   10 LT       2  25
3026 ASC Concrete Sealer...... Terracotta   10 LT       2  25
3031 ASC Concrete Sealer...... Blue Gum..    4 LT       5  36
3038 ASC Concrete Sealer...... Charcoal..    4 LT       2  36
3045 ASC Concrete Sealer...... GunMetalGr    4 LT       4  36
3053 ASC Concrete Sealer...... SandyBeige    4 LT       2  36
3057 ASC Concrete Sealer...... Terracotta    4 LT       3  36
